[debug] [2026-06-13T10:14:01.757Z] ----------------------------------------------------------------------
[debug] [2026-06-13T10:14:01.760Z] Command:       C:\Program Files\nodejs\node.exe C:\Users\Lenovo\AppData\Local\npm-cache\_npx\ba4f1959e38407b5\node_modules\firebase-tools\lib\bin\firebase.js deploy --only hosting
[debug] [2026-06-13T10:14:01.760Z] CLI Version:   15.20.0
[debug] [2026-06-13T10:14:01.760Z] Platform:      win32
[debug] [2026-06-13T10:14:01.760Z] Node Version:  v24.16.0
[debug] [2026-06-13T10:14:01.761Z] Time:          Sat Jun 13 2026 07:14:01 GMT-0300 (hora estándar de Argentina)
[debug] [2026-06-13T10:14:01.761Z] ----------------------------------------------------------------------
[debug] 
[debug] [2026-06-13T10:14:03.790Z] > command requires scopes: ["email","openid","https://www.googleapis.com/auth/cloudplatformprojects.readonly","https://www.googleapis.com/auth/firebase","https://www.googleapis.com/auth/cloud-platform"]
[debug] [2026-06-13T10:14:03.791Z] > authorizing via signed-in user (gonzalofacundogutierrez.40@gmail.com)
[debug] [2026-06-13T10:14:03.791Z] [iam] checking project sab-ediciones-8a2c7 for permissions ["firebase.projects.get","firebasehosting.sites.update"]
[debug] [2026-06-13T10:14:03.792Z] Checked if tokens are valid: false, expires at: 1781346538883
[debug] [2026-06-13T10:14:03.792Z] Checked if tokens are valid: false, expires at: 1781346538883
[debug] [2026-06-13T10:14:03.793Z] > refreshing access token with scopes: []
[debug] [2026-06-13T10:14:03.795Z] >>> [apiv2][query] POST https://www.googleapis.com/oauth2/v3/token [none]
[debug] [2026-06-13T10:14:03.795Z] >>> [apiv2][body] POST https://www.googleapis.com/oauth2/v3/token [omitted]
[debug] [2026-06-13T10:14:04.054Z] <<< [apiv2][status] POST https://www.googleapis.com/oauth2/v3/token 200
[debug] [2026-06-13T10:14:04.054Z] <<< [apiv2][body] POST https://www.googleapis.com/oauth2/v3/token [omitted]
[debug] [2026-06-13T10:14:04.080Z] >>> [apiv2][query] POST https://cloudresourcemanager.googleapis.com/v1/projects/sab-ediciones-8a2c7:testIamPermissions [none]
[debug] [2026-06-13T10:14:04.081Z] >>> [apiv2][(partial)header] POST https://cloudresourcemanager.googleapis.com/v1/projects/sab-ediciones-8a2c7:testIamPermissions  x-goog-user-project=sab-ediciones-8a2c7
[debug] [2026-06-13T10:14:04.081Z] >>> [apiv2][body] POST https://cloudresourcemanager.googleapis.com/v1/projects/sab-ediciones-8a2c7:testIamPermissions {"permissions":["firebase.projects.get","firebasehosting.sites.update"]}
[debug] [2026-06-13T10:14:05.131Z] <<< [apiv2][status] POST https://cloudresourcemanager.googleapis.com/v1/projects/sab-ediciones-8a2c7:testIamPermissions 200
[debug] [2026-06-13T10:14:05.131Z] <<< [apiv2][body] POST https://cloudresourcemanager.googleapis.com/v1/projects/sab-ediciones-8a2c7:testIamPermissions {"permissions":["firebase.projects.get","firebasehosting.sites.update"]}
[debug] [2026-06-13T10:14:05.132Z] Checked if tokens are valid: true, expires at: 1781349243055
[debug] [2026-06-13T10:14:05.132Z] Checked if tokens are valid: true, expires at: 1781349243055
[debug] [2026-06-13T10:14:05.133Z] >>> [apiv2][query] GET https://firebase.googleapis.com/v1beta1/projects/sab-ediciones-8a2c7 [none]
[debug] [2026-06-13T10:14:05.651Z] <<< [apiv2][status] GET https://firebase.googleapis.com/v1beta1/projects/sab-ediciones-8a2c7 200
[debug] [2026-06-13T10:14:05.651Z] <<< [apiv2][body] GET https://firebase.googleapis.com/v1beta1/projects/sab-ediciones-8a2c7 {"projectId":"sab-ediciones-8a2c7","projectNumber":"548197633992","displayName":"sab-ediciones","name":"projects/sab-ediciones-8a2c7","resources":{"hostingSite":"sab-ediciones-8a2c7"},"state":"ACTIVE","etag":"1_40ac0827-98e3-47e8-9ce1-31bb79dff1b2"}
[info] 
[info] === Deploying to 'sab-ediciones-8a2c7'...
[info] 
[info] i  deploying hosting 
[debug] [2026-06-13T10:14:05.656Z] Checked if tokens are valid: true, expires at: 1781349243055
[debug] [2026-06-13T10:14:05.657Z] Checked if tokens are valid: true, expires at: 1781349243055
[debug] [2026-06-13T10:14:05.657Z] >>> [apiv2][query] GET https://firebasehosting.googleapis.com/v1beta1/projects/sab-ediciones-8a2c7/sites/sab-ediciones-8a2c7 [none]
[debug] [2026-06-13T10:14:07.129Z] <<< [apiv2][status] GET https://firebasehosting.googleapis.com/v1beta1/projects/sab-ediciones-8a2c7/sites/sab-ediciones-8a2c7 200
[debug] [2026-06-13T10:14:07.129Z] <<< [apiv2][body] GET https://firebasehosting.googleapis.com/v1beta1/projects/sab-ediciones-8a2c7/sites/sab-ediciones-8a2c7 {"name":"projects/sab-ediciones-8a2c7/sites/sab-ediciones-8a2c7","defaultUrl":"https://sab-ediciones-8a2c7.web.app","appId":"1:548197633992:web:e59f0c1535035a5e307afd","type":"DEFAULT_SITE"}
[debug] [2026-06-13T10:14:07.132Z] Checked if tokens are valid: true, expires at: 1781349243055
[debug] [2026-06-13T10:14:07.133Z] Checked if tokens are valid: true, expires at: 1781349243055
[debug] [2026-06-13T10:14:07.133Z] >>> [apiv2][query] POST https://firebasehosting.googleapis.com/v1beta1/projects/-/sites/sab-ediciones-8a2c7/versions [none]
[debug] [2026-06-13T10:14:07.133Z] >>> [apiv2][body] POST https://firebasehosting.googleapis.com/v1beta1/projects/-/sites/sab-ediciones-8a2c7/versions {"status":"CREATED","labels":{"deployment-tool":"cli-firebase"}}
[debug] [2026-06-13T10:14:08.142Z] <<< [apiv2][status] POST https://firebasehosting.googleapis.com/v1beta1/projects/-/sites/sab-ediciones-8a2c7/versions 200
[debug] [2026-06-13T10:14:08.142Z] <<< [apiv2][body] POST https://firebasehosting.googleapis.com/v1beta1/projects/-/sites/sab-ediciones-8a2c7/versions {"name":"projects/548197633992/sites/sab-ediciones-8a2c7/versions/7bc78e4959e16df9","status":"CREATED","config":{},"labels":{"deployment-tool":"cli-firebase"}}
[info] i  hosting[sab-ediciones-8a2c7]: beginning deploy... 
[info] i  hosting[sab-ediciones-8a2c7]: found 42 files in frontend/out 
[debug] [2026-06-13T10:14:08.165Z] [hosting] uploading with 200 concurrency
[debug] [2026-06-13T10:14:08.198Z] Checked if tokens are valid: true, expires at: 1781349243055
[debug] [2026-06-13T10:14:08.198Z] Checked if tokens are valid: true, expires at: 1781349243055
[debug] [2026-06-13T10:14:08.199Z] [hosting] hash cache [ZnJvbnRlbmRcb3V0] stored for 42 files
[debug] [2026-06-13T10:14:08.200Z] [hosting][hash queue][FINAL] {"max":27,"min":7,"avg":17.166666666666668,"active":0,"complete":42,"success":42,"errored":0,"retried":0,"total":42,"elapsed":33}
[debug] [2026-06-13T10:14:08.200Z] >>> [apiv2][query] POST https://firebasehosting.googleapis.com/v1beta1/projects/548197633992/sites/sab-ediciones-8a2c7/versions/7bc78e4959e16df9:populateFiles [none]
[debug] [2026-06-13T10:14:08.200Z] >>> [apiv2][body] POST https://firebasehosting.googleapis.com/v1beta1/projects/548197633992/sites/sab-ediciones-8a2c7/versions/7bc78e4959e16df9:populateFiles {"files":{"/logo-ediciones-sab.jpg":"4720865093130fd67f5345ba2c6f09c380551876fcfe2c5ab9ee28334bccdcd4","/_next/static/PsSbSO_vVGiqzl07xAG4a/_ssgManifest.js":"e67efe5022d6bd15bd90859739eff73b194b4158c584beea31f82fb629d4e3b3","/index.html":"b94efbdd97a75e32038832606043c0604dc17153685145c8edbb894584a54194","/_next/static/css/da9ec44f46e56656.css":"444dab193f1e2690593094d285b922509ac5404de5b629c29b20722c1bed8fd0","/_next/static/css/d940201045a8338e.css":"0af22b0144c011157018793db0ee18df367187419052f90fce3805ce173fc1e8","/404.html":"bc1b5fd97ad0d8776530739915a6da85bc8ec258f8f39df28e0b34cfce3e2826","/_next/static/css/b85a6481cd18b43e.css":"39ad07f5a641b7b2ffc15cf739a12c71e2c0666a0cab022dc82094576555d0a3","/_next/static/css/9aebf8633303992a.css":"c85f8846c906e42e79dd8943446d0c55ea31ac02447c2ee1f3d31d0d1b3fe105","/_next/static/css/97c232cd15a1b4b6.css":"3cf06fc8467651d1829f3a485442ba21c34ec993caa1173de4bbcda914ecc0d5","/_next/static/css/4562ca492d2ada43.css":"9384de30aeeb869c87b1dffcae8606cbdcc2fa4da4487b00d1b20f948be46454","/_next/static/css/35554a8d60927730.css":"260ebd66acecad77c877814fab2cc6131fb6d5fb79b5f07513e752a991ab4d2f","/_next/static/css/41211704ae7c2f6c.css":"5ee26a6d5306d517d323ec8c59b1edb71b508ad4c97f68d86b1f6255cf3287bd","/_next/static/css/0509bda44c69af0e.css":"d971d2f341391da03e524d62f7b14024b56326813a15637af0fe194735441cc3","/_next/static/css/04f92e871cfe8d12.css":"ac72c16a026b0ff0c05cee40bbe0231142e2895f7b31cd29cfea86bc07ab8fd6","/_next/static/chunks/webpack-ee7e63bc15b31913.js":"aa0ce316321dba6379d5bc7634eee908def27215c6a08d7305e041d264c883bf","/_next/static/chunks/814-00e073fec81ef682.js":"fedfd3a3e29d194a407bcd77841c3d990876b02f32484b81a450b0700d44af11","/_next/static/chunks/pages/_error-77823ddac6993d35.js":"e0354be67c458bf4fc7c2a5e0a08a9c5ff56ec24716df5fa902f171b7fb02150","/_next/static/chunks/691-81f5336334cc0d1a.js":"814e02201c1ef29b003c20fdf3b40b9eb15a069caeb29d7ea7396ebe11534a08","/_next/static/chunks/pages/productos-65f2657270668857.js":"8fd6c1d3e201a3e3053026de83021a6956dd9cd6a9b80d157c347c11a498ffbe","/_next/static/chunks/pages/pago-exitoso-b347b803318cc553.js":"997b6612b86ebb9cffb47cc44db9a81551a2fd1ace2e41221b45f44f5e097044","/_next/static/chunks/pages/pago-error-c090e724fdd994da.js":"64fd902bfd8cf6b6c947ceb1cd0fe79d725df5f2e3baa6fc2f98962ef602b3e5","/_next/static/chunks/pages/index-32b2d52d04e34334.js":"e192b33a491af804c10279f04820db97ef2c2efb02d973b2adf8c70a980bfe2d","/_next/static/chunks/pages/checkout-8f51ebc965283983.js":"ed6170c4f1f3fd010744c84fc6cbc120fc2cd06e49d1a992aea05485999df666","/_next/static/chunks/pages/productos/[id]-f7159c28eca2c23f.js":"e98aa5db04b158af462d497b39fb0693b07f585b6d9f007e4536049c0107bf3c","/_next/static/chunks/pages/admin/login-08e2f9dba0a9dbc9.js":"a164965ef5c937e6630a0969f020865f4bfd5e0203b608ba87b6e77aa40371b0","/_next/data/PsSbSO_vVGiqzl07xAG4a/index.json":"278c307a7317a75bf156ecb31668e214e5aef5f8faa538dfcdf7b47ba05be4cf","/_next/static/chunks/pages/admin/pedidos-be6d43aa948bcec6.js":"064efc738afa5e6d0a8731f202ee245452e2ee79c6ef7c43ffccad6341e4622c","/productos/index.html":"544532c5d9b9380da7797b1adaeac3bf3884f612213484779018678a781f0fc7","/_next/static/chunks/pages/admin/dashboard-b35e5a281a708089.js":"529dcbf1a74f6d0ab455a53281fe897a3983d55b4a2200ed17a6d2f79126fc8f","/productos/[id]/index.html":"b79edd9cacbd10c2a98497d016982f91181080ad49e152d2e5bd8bfea5fb3633","/pago-exitoso/index.html":"789c266274c591d1df79f5e66abb9a9fb8afec0f476f5f93e540fc3c14381098","/admin/pedidos/index.html":"eaa83b63dab370046b5badf2ea6d53238fab04bd21da3819e30c9f9450b7467d","/admin/login/index.html":"70589858ae30a40cd1e05c0e1252fe6ba67a9428978b8dcdca01550a620c3780","/admin/dashboard/index.html":"c122e5691d00ffb1f7e6bc0868b8aee1dd0e421b4851f7cf79206fd280b28c59","/pago-error/index.html":"009ee4a39a6a9943a5a0e21aaa252dad9db5a05798137f90e2026c3a7abe5661","/checkout/index.html":"a78261ebdbaf15a4bd71a824091faad44eef9673c5d4ea20d3141e0cf8aa431a","/404/index.html":"bc1b5fd97ad0d8776530739915a6da85bc8ec258f8f39df28e0b34cfce3e2826","/_next/static/chunks/polyfills-78c92fac7aa8fdd8.js":"93e304855c6f9653fea1a8f24da04735f940c4a2170e5af8a5e2de396f449d07","/_next/static/PsSbSO_vVGiqzl07xAG4a/_buildManifest.js":"d352ac79d90abf4c79f5111392511e7626ce4d7cd9f23180740b7c635042faa9","/_next/static/chunks/main-5cae7db0f8cf7943.js":"01ba82d326636bbf696e1202c431a113680a9206718b25f8e4e771cd873f460e","/_next/static/chunks/framework-ecc4130bc7a58a64.js":"b95536ab177e1a3e5dec8e463446de6222de3061fc82bfebcf738302e614056d","/_next/static/chunks/pages/_app-57404f75f4fbf32a.js":"1054b644818f34229971af3341ec293d57423fd7b84ea2d8c2965ccd3e9bb763"}}
[debug] [2026-06-13T10:14:09.263Z] <<< [apiv2][status] POST https://firebasehosting.googleapis.com/v1beta1/projects/548197633992/sites/sab-ediciones-8a2c7/versions/7bc78e4959e16df9:populateFiles 200
[debug] [2026-06-13T10:14:09.263Z] <<< [apiv2][body] POST https://firebasehosting.googleapis.com/v1beta1/projects/548197633992/sites/sab-ediciones-8a2c7/versions/7bc78e4959e16df9:populateFiles {"uploadRequiredHashes":["70589858ae30a40cd1e05c0e1252fe6ba67a9428978b8dcdca01550a620c3780","b79edd9cacbd10c2a98497d016982f91181080ad49e152d2e5bd8bfea5fb3633","d352ac79d90abf4c79f5111392511e7626ce4d7cd9f23180740b7c635042faa9","009ee4a39a6a9943a5a0e21aaa252dad9db5a05798137f90e2026c3a7abe5661","a78261ebdbaf15a4bd71a824091faad44eef9673c5d4ea20d3141e0cf8aa431a","444dab193f1e2690593094d285b922509ac5404de5b629c29b20722c1bed8fd0","eaa83b63dab370046b5badf2ea6d53238fab04bd21da3819e30c9f9450b7467d","789c266274c591d1df79f5e66abb9a9fb8afec0f476f5f93e540fc3c14381098","bc1b5fd97ad0d8776530739915a6da85bc8ec258f8f39df28e0b34cfce3e2826","b94efbdd97a75e32038832606043c0604dc17153685145c8edbb894584a54194","544532c5d9b9380da7797b1adaeac3bf3884f612213484779018678a781f0fc7","c122e5691d00ffb1f7e6bc0868b8aee1dd0e421b4851f7cf79206fd280b28c59"],"uploadUrl":"https://upload-firebasehosting.googleapis.com/upload/sites/sab-ediciones-8a2c7/versions/7bc78e4959e16df9/files"}
[debug] [2026-06-13T10:14:09.265Z] Checked if tokens are valid: true, expires at: 1781349243055
[debug] [2026-06-13T10:14:09.265Z] Checked if tokens are valid: true, expires at: 1781349243055
[debug] [2026-06-13T10:14:09.265Z] Checked if tokens are valid: true, expires at: 1781349243055
[debug] [2026-06-13T10:14:09.265Z] Checked if tokens are valid: true, expires at: 1781349243055
[debug] [2026-06-13T10:14:09.266Z] Checked if tokens are valid: true, expires at: 1781349243055
[debug] [2026-06-13T10:14:09.266Z] Checked if tokens are valid: true, expires at: 1781349243055
[debug] [2026-06-13T10:14:09.266Z] Checked if tokens are valid: true, expires at: 1781349243055
[debug] [2026-06-13T10:14:09.266Z] Checked if tokens are valid: true, expires at: 1781349243055
[debug] [2026-06-13T10:14:09.267Z] Checked if tokens are valid: true, expires at: 1781349243055
[debug] [2026-06-13T10:14:09.267Z] Checked if tokens are valid: true, expires at: 1781349243055
[debug] [2026-06-13T10:14:09.267Z] Checked if tokens are valid: true, expires at: 1781349243055
[debug] [2026-06-13T10:14:09.268Z] Checked if tokens are valid: true, expires at: 1781349243055
[debug] [2026-06-13T10:14:09.268Z] Checked if tokens are valid: true, expires at: 1781349243055
[debug] [2026-06-13T10:14:09.268Z] Checked if tokens are valid: true, expires at: 1781349243055
[debug] [2026-06-13T10:14:09.268Z] Checked if tokens are valid: true, expires at: 1781349243055
[debug] [2026-06-13T10:14:09.268Z] Checked if tokens are valid: true, expires at: 1781349243055
[debug] [2026-06-13T10:14:09.268Z] Checked if tokens are valid: true, expires at: 1781349243055
[debug] [2026-06-13T10:14:09.269Z] Checked if tokens are valid: true, expires at: 1781349243055
[debug] [2026-06-13T10:14:09.269Z] Checked if tokens are valid: true, expires at: 1781349243055
[debug] [2026-06-13T10:14:09.269Z] Checked if tokens are valid: true, expires at: 1781349243055
[debug] [2026-06-13T10:14:09.270Z] Checked if tokens are valid: true, expires at: 1781349243055
[debug] [2026-06-13T10:14:09.270Z] Checked if tokens are valid: true, expires at: 1781349243055
[debug] [2026-06-13T10:14:09.270Z] Checked if tokens are valid: true, expires at: 1781349243055
[debug] [2026-06-13T10:14:09.270Z] Checked if tokens are valid: true, expires at: 1781349243055
[debug] [2026-06-13T10:14:09.270Z] >>> [apiv2][query] POST https://upload-firebasehosting.googleapis.com/upload/sites/sab-ediciones-8a2c7/versions/7bc78e4959e16df9/files/70589858ae30a40cd1e05c0e1252fe6ba67a9428978b8dcdca01550a620c3780 [none]
[debug] [2026-06-13T10:14:09.270Z] >>> [apiv2][body] POST https://upload-firebasehosting.googleapis.com/upload/sites/sab-ediciones-8a2c7/versions/7bc78e4959e16df9/files/70589858ae30a40cd1e05c0e1252fe6ba67a9428978b8dcdca01550a620c3780 [stream]
[debug] [2026-06-13T10:14:09.273Z] >>> [apiv2][query] POST https://upload-firebasehosting.googleapis.com/upload/sites/sab-ediciones-8a2c7/versions/7bc78e4959e16df9/files/b79edd9cacbd10c2a98497d016982f91181080ad49e152d2e5bd8bfea5fb3633 [none]
[debug] [2026-06-13T10:14:09.273Z] >>> [apiv2][body] POST https://upload-firebasehosting.googleapis.com/upload/sites/sab-ediciones-8a2c7/versions/7bc78e4959e16df9/files/b79edd9cacbd10c2a98497d016982f91181080ad49e152d2e5bd8bfea5fb3633 [stream]
[debug] [2026-06-13T10:14:09.276Z] >>> [apiv2][query] POST https://upload-firebasehosting.googleapis.com/upload/sites/sab-ediciones-8a2c7/versions/7bc78e4959e16df9/files/d352ac79d90abf4c79f5111392511e7626ce4d7cd9f23180740b7c635042faa9 [none]
[debug] [2026-06-13T10:14:09.276Z] >>> [apiv2][body] POST https://upload-firebasehosting.googleapis.com/upload/sites/sab-ediciones-8a2c7/versions/7bc78e4959e16df9/files/d352ac79d90abf4c79f5111392511e7626ce4d7cd9f23180740b7c635042faa9 [stream]
[debug] [2026-06-13T10:14:09.279Z] >>> [apiv2][query] POST https://upload-firebasehosting.googleapis.com/upload/sites/sab-ediciones-8a2c7/versions/7bc78e4959e16df9/files/009ee4a39a6a9943a5a0e21aaa252dad9db5a05798137f90e2026c3a7abe5661 [none]
[debug] [2026-06-13T10:14:09.279Z] >>> [apiv2][body] POST https://upload-firebasehosting.googleapis.com/upload/sites/sab-ediciones-8a2c7/versions/7bc78e4959e16df9/files/009ee4a39a6a9943a5a0e21aaa252dad9db5a05798137f90e2026c3a7abe5661 [stream]
[debug] [2026-06-13T10:14:09.281Z] >>> [apiv2][query] POST https://upload-firebasehosting.googleapis.com/upload/sites/sab-ediciones-8a2c7/versions/7bc78e4959e16df9/files/a78261ebdbaf15a4bd71a824091faad44eef9673c5d4ea20d3141e0cf8aa431a [none]
[debug] [2026-06-13T10:14:09.281Z] >>> [apiv2][body] POST https://upload-firebasehosting.googleapis.com/upload/sites/sab-ediciones-8a2c7/versions/7bc78e4959e16df9/files/a78261ebdbaf15a4bd71a824091faad44eef9673c5d4ea20d3141e0cf8aa431a [stream]
[debug] [2026-06-13T10:14:09.283Z] >>> [apiv2][query] POST https://upload-firebasehosting.googleapis.com/upload/sites/sab-ediciones-8a2c7/versions/7bc78e4959e16df9/files/444dab193f1e2690593094d285b922509ac5404de5b629c29b20722c1bed8fd0 [none]
[debug] [2026-06-13T10:14:09.283Z] >>> [apiv2][body] POST https://upload-firebasehosting.googleapis.com/upload/sites/sab-ediciones-8a2c7/versions/7bc78e4959e16df9/files/444dab193f1e2690593094d285b922509ac5404de5b629c29b20722c1bed8fd0 [stream]
[debug] [2026-06-13T10:14:09.284Z] >>> [apiv2][query] POST https://upload-firebasehosting.googleapis.com/upload/sites/sab-ediciones-8a2c7/versions/7bc78e4959e16df9/files/eaa83b63dab370046b5badf2ea6d53238fab04bd21da3819e30c9f9450b7467d [none]
[debug] [2026-06-13T10:14:09.284Z] >>> [apiv2][body] POST https://upload-firebasehosting.googleapis.com/upload/sites/sab-ediciones-8a2c7/versions/7bc78e4959e16df9/files/eaa83b63dab370046b5badf2ea6d53238fab04bd21da3819e30c9f9450b7467d [stream]
[debug] [2026-06-13T10:14:09.286Z] >>> [apiv2][query] POST https://upload-firebasehosting.googleapis.com/upload/sites/sab-ediciones-8a2c7/versions/7bc78e4959e16df9/files/789c266274c591d1df79f5e66abb9a9fb8afec0f476f5f93e540fc3c14381098 [none]
[debug] [2026-06-13T10:14:09.286Z] >>> [apiv2][body] POST https://upload-firebasehosting.googleapis.com/upload/sites/sab-ediciones-8a2c7/versions/7bc78e4959e16df9/files/789c266274c591d1df79f5e66abb9a9fb8afec0f476f5f93e540fc3c14381098 [stream]
[debug] [2026-06-13T10:14:09.287Z] >>> [apiv2][query] POST https://upload-firebasehosting.googleapis.com/upload/sites/sab-ediciones-8a2c7/versions/7bc78e4959e16df9/files/bc1b5fd97ad0d8776530739915a6da85bc8ec258f8f39df28e0b34cfce3e2826 [none]
[debug] [2026-06-13T10:14:09.288Z] >>> [apiv2][body] POST https://upload-firebasehosting.googleapis.com/upload/sites/sab-ediciones-8a2c7/versions/7bc78e4959e16df9/files/bc1b5fd97ad0d8776530739915a6da85bc8ec258f8f39df28e0b34cfce3e2826 [stream]
[debug] [2026-06-13T10:14:09.289Z] >>> [apiv2][query] POST https://upload-firebasehosting.googleapis.com/upload/sites/sab-ediciones-8a2c7/versions/7bc78e4959e16df9/files/b94efbdd97a75e32038832606043c0604dc17153685145c8edbb894584a54194 [none]
[debug] [2026-06-13T10:14:09.289Z] >>> [apiv2][body] POST https://upload-firebasehosting.googleapis.com/upload/sites/sab-ediciones-8a2c7/versions/7bc78e4959e16df9/files/b94efbdd97a75e32038832606043c0604dc17153685145c8edbb894584a54194 [stream]
[debug] [2026-06-13T10:14:09.291Z] >>> [apiv2][query] POST https://upload-firebasehosting.googleapis.com/upload/sites/sab-ediciones-8a2c7/versions/7bc78e4959e16df9/files/544532c5d9b9380da7797b1adaeac3bf3884f612213484779018678a781f0fc7 [none]
[debug] [2026-06-13T10:14:09.291Z] >>> [apiv2][body] POST https://upload-firebasehosting.googleapis.com/upload/sites/sab-ediciones-8a2c7/versions/7bc78e4959e16df9/files/544532c5d9b9380da7797b1adaeac3bf3884f612213484779018678a781f0fc7 [stream]
[debug] [2026-06-13T10:14:09.292Z] >>> [apiv2][query] POST https://upload-firebasehosting.googleapis.com/upload/sites/sab-ediciones-8a2c7/versions/7bc78e4959e16df9/files/c122e5691d00ffb1f7e6bc0868b8aee1dd0e421b4851f7cf79206fd280b28c59 [none]
[debug] [2026-06-13T10:14:09.292Z] >>> [apiv2][body] POST https://upload-firebasehosting.googleapis.com/upload/sites/sab-ediciones-8a2c7/versions/7bc78e4959e16df9/files/c122e5691d00ffb1f7e6bc0868b8aee1dd0e421b4851f7cf79206fd280b28c59 [stream]
[debug] [2026-06-13T10:14:09.294Z] [hosting][populate queue][FINAL] {"max":1072,"min":1072,"avg":1072,"active":0,"complete":1,"success":1,"errored":0,"retried":0,"total":1,"elapsed":1096}
[debug] [2026-06-13T10:14:09.295Z] [hosting] uploads queued: 12
[info] i  hosting: uploading new files [0/12] (0%) 
